

Version:	3.12
CmdLine:	D:\mantenimientoV2\mantenimientopapeleria\PuntoVenta\dist\PaperLand2-0.exe --l4j-debug
WOW64:		yes
Working dir:	D:\mantenimientoV2\mantenimientopapeleria\PuntoVenta\dist\.
Java min ver:	1.008.000
Java max ver:	
Bundled JRE:	jre1.8.0_181
Check launcher:	D:\mantenimientoV2\mantenimientopapeleria\PuntoVenta\dist\jre1.8.0_181\bin\javaw.exe (not found)
64-bit search:	SOFTWARE\JavaSoft\Java Runtime Environment...
Check:		SOFTWARE\JavaSoft\Java Runtime Environment\1.7
Ignore:		1.007.000
Check:		SOFTWARE\JavaSoft\Java Runtime Environment\1.7.0_80
Ignore:		1.007.000_080
Check:		SOFTWARE\JavaSoft\Java Runtime Environment\1.8
Check launcher:	C:\Program Files\Java\jre1.8.0_181\bin\javaw.exe (OK)
Match:		1.008.000
Check:		SOFTWARE\JavaSoft\Java Runtime Environment\1.8.0_181
Check launcher:	C:\Program Files\Java\jre1.8.0_181\bin\javaw.exe (OK)
Match:		1.008.000_181
64-bit search:	SOFTWARE\JavaSoft\Java Development Kit...
Check:		SOFTWARE\JavaSoft\Java Development Kit\1.7
Ignore:		1.007.000
Check:		SOFTWARE\JavaSoft\Java Development Kit\1.7.0_80
Ignore:		1.007.000_080
Check:		SOFTWARE\JavaSoft\Java Development Kit\1.8
Ignore:		1.008.000
Check:		SOFTWARE\JavaSoft\Java Development Kit\1.8.0_181
Ignore:		1.008.000_181
64-bit search:	SOFTWARE\JavaSoft\JRE...
64-bit search:	SOFTWARE\JavaSoft\JDK...
Check:		SOFTWARE\JavaSoft\JDK\11
Check launcher:	C:\Program Files\AdoptOpenJDK\jdk-11.0.6.10-hotspot\bin\javaw.exe (OK)
Match:		1.011.000
Check:		SOFTWARE\JavaSoft\JDK\11.0.6.10
Warning:	formatJavaVersion() too many parts added.
Check launcher:	C:\Program Files\AdoptOpenJDK\jdk-11.0.6.10-hotspot\bin\javaw.exe (OK)
Match:		1.011.000_006
Runtime used:	1.011.000_006 (64-bit)
Launcher:	C:\Program Files\AdoptOpenJDK\jdk-11.0.6.10-hotspot\bin\javaw.exe
Launcher args:	-jar "D:\mantenimientoV2\mantenimientopapeleria\PuntoVenta\dist\PaperLand2-0.exe"
Args length:	81/32768 chars
Exit code:	0


Version:	3.12
CmdLine:	D:\mantenimientoV2\mantenimientopapeleria\PuntoVenta\dist\PaperLand2-0.exe --l4j-debug
WOW64:		yes
Working dir:	D:\mantenimientoV2\mantenimientopapeleria\PuntoVenta\dist\.
Java min ver:	1.008.000
Java max ver:	
Bundled JRE:	C:\Program Files\Java\jre1.8.0_181
Check launcher:	C:\Program Files\Java\jre1.8.0_181\bin\javaw.exe (OK)
Launcher:	C:\Program Files\Java\jre1.8.0_181\bin\javaw.exe
Launcher args:	-jar "D:\mantenimientoV2\mantenimientopapeleria\PuntoVenta\dist\PaperLand2-0.exe"
Args length:	81/32768 chars
Exit code:	0


Version:	3.12
CmdLine:	D:\mantenimientoV2\mantenimientopapeleria\PuntoVenta\dist\PaperLand2-0.exe --l4j-debug
WOW64:		yes
Working dir:	D:\mantenimientoV2\mantenimientopapeleria\PuntoVenta\dist\.
Java min ver:	1.008.000
Java max ver:	
Bundled JRE:	C:\Program Files\Java\jre1.8.0_181
Check launcher:	C:\Program Files\Java\jre1.8.0_181\bin\javaw.exe (OK)
Launcher:	C:\Program Files\Java\jre1.8.0_181\bin\javaw.exe
Launcher args:	-jar "D:\mantenimientoV2\mantenimientopapeleria\PuntoVenta\dist\PaperLand2-0.exe"
Args length:	81/32768 chars
Exit code:	0


Version:	3.12
CmdLine:	D:\mantenimientoV2\mantenimientopapeleria\PuntoVenta\dist\PaperLand2-0.exe --l4j-debug
WOW64:		yes
Working dir:	D:\mantenimientoV2\mantenimientopapeleria\PuntoVenta\dist\.
Java min ver:	1.008.000
Java max ver:	
Bundled JRE:	C:\Program Files\Java\jre1.8.0_241
Check launcher:	C:\Program Files\Java\jre1.8.0_241\bin\javaw.exe (OK)
Launcher:	C:\Program Files\Java\jre1.8.0_241\bin\javaw.exe
Launcher args:	-jar "D:\mantenimientoV2\mantenimientopapeleria\PuntoVenta\dist\PaperLand2-0.exe"
Args length:	81/32768 chars
Exit code:	0
